This is pdfTeX, Version 3.141592653-2.6-1.40.27 (TeX Live 2025/nixos.org) (preloaded format=pdflatex 1980.1.1)  22 FEB 2026 19:52
entering extended mode
 restricted \write18 enabled.
 %&-line parsing enabled.
**/home/sergio/personal/tfm/memoria/thesisTextSergio/1_introduction.tex
(/home/sergio/personal/tfm/memoria/thesisTextSergio/1_introduction.tex
LaTeX2e <2025-06-01> patch level 1
L3 programming layer <2025-06-09>
! Undefined control sequence.
l.1 \chapter
            {Introduction}
? 
! Emergency stop.
l.1 
    
End of file on the terminal!

 
Here is how much of TeX's memory you used:
 15 strings out of 467888
 533 string characters out of 5405403
 425018 words of memory out of 5000000
 28668 multiletter control sequences out of 15000+600000
 626825 words of font info for 40 fonts, out of 8000000 for 9000
 1141 hyphenation exceptions out of 8191
 12i,0n,13p,123b,8s stack positions out of 10000i,1000n,20000p,200000b,200000s
!  ==> Fatal error occurred, no output PDF file produced!
